Flow report for LAB6
Sun Jun 12 19:30:12 2016
Quartus II Version 10.0 Build 218 06/27/2010 SJ Web Edition


---------------------
; Table of Contents ;
---------------------
  1. Legal Notice
  2. Flow Summary
  3. Flow Settings
  4. Flow Non-Default Global Settings
  5. Flow Elapsed Time
  6. Flow OS Summary
  7. Flow Log



----------------
; Legal Notice ;
----------------
Copyright (C) 1991-2010 Altera Corporation
Your use of Altera Corporation's design tools, logic functions 
and other software and tools, and its AMPP partner logic 
functions, and any output files from any of the foregoing 
(including device programming or simulation files), and any 
associated documentation or information are expressly subject 
to the terms and conditions of the Altera Program License 
Subscription Agreement, Altera MegaCore Function License 
Agreement, or other applicable license agreement, including, 
without limitation, that your use is for the sole purpose of 
programming logic devices manufactured by Altera and sold by 
Altera or its authorized distributors.  Please refer to the 
applicable agreement for further details.



+-------------------------------------------------------------------------------+
; Flow Summary                                                                  ;
+------------------------------------+------------------------------------------+
; Flow Status                        ; Successful - Sun Jun 12 19:30:12 2016    ;
; Quartus II Version                 ; 10.0 Build 218 06/27/2010 SJ Web Edition ;
; Revision Name                      ; LAB6                                     ;
; Top-level Entity Name              ; LAB6                                     ;
; Family                             ; Cyclone II                               ;
; Device                             ; EP2C35F672C6                             ;
; Timing Models                      ; Final                                    ;
; Met timing requirements            ; No                                       ;
; Total logic elements               ; 28 / 33,216 ( < 1 % )                    ;
;     Total combinational functions  ; 28 / 33,216 ( < 1 % )                    ;
;     Dedicated logic registers      ; 18 / 33,216 ( < 1 % )                    ;
; Total registers                    ; 18                                       ;
; Total pins                         ; 19 / 475 ( 4 % )                         ;
; Total virtual pins                 ; 0                                        ;
; Total memory bits                  ; 0 / 483,840 ( 0 % )                      ;
; Embedded Multiplier 9-bit elements ; 0 / 70 ( 0 % )                           ;
; Total PLLs                         ; 0 / 4 ( 0 % )                            ;
+------------------------------------+------------------------------------------+


+-----------------------------------------+
; Flow Settings                           ;
+-------------------+---------------------+
; Option            ; Setting             ;
+-------------------+---------------------+
; Start date & time ; 06/12/2016 19:29:59 ;
; Main task         ; Compilation         ;
; Revision Name     ; LAB6                ;
+-------------------+---------------------+


+-------------------------------------------------------------------------------------------------------------------+
; Flow Non-Default Global Settings                                                                                  ;
+---------------------------------------+--------------------------------+---------------+-------------+------------+
; Assignment Name                       ; Value                          ; Default Value ; Entity Name ; Section Id ;
+---------------------------------------+--------------------------------+---------------+-------------+------------+
; COMPILER_SIGNATURE_ID                 ; 71340217395532.146575259906724 ; --            ; --          ; --         ;
; MAX_CORE_JUNCTION_TEMP                ; 85                             ; --            ; --          ; --         ;
; MIN_CORE_JUNCTION_TEMP                ; 0                              ; --            ; --          ; --         ;
; PARTITION_COLOR                       ; 16764057                       ; --            ; --          ; Top        ;
; PARTITION_FITTER_PRESERVATION_LEVEL   ; PLACEMENT_AND_ROUTING          ; --            ; --          ; Top        ;
; PARTITION_NETLIST_TYPE                ; SOURCE                         ; --            ; --          ; Top        ;
; PROJECT_OUTPUT_DIRECTORY              ; output_files                   ; --            ; --          ; --         ;
; SYNCHRONIZATION_REGISTER_CHAIN_LENGTH ; 2                              ; 3             ; --          ; --         ;
+---------------------------------------+--------------------------------+---------------+-------------+------------+


+-----------------------------------------------------------------------------------------------------------------------------+
; Flow Elapsed Time                                                                                                           ;
+-------------------------+--------------+-------------------------+---------------------+------------------------------------+
; Module Name             ; Elapsed Time ; Average Processors Used ; Peak Virtual Memory ; Total CPU Time (on all processors) ;
+-------------------------+--------------+-------------------------+---------------------+------------------------------------+
; Analysis & Synthesis    ; 00:00:02     ; 1.0                     ; 282 MB              ; 00:00:01                           ;
; Fitter                  ; 00:00:06     ; 1.0                     ; 322 MB              ; 00:00:06                           ;
; Assembler               ; 00:00:02     ; 1.0                     ; 297 MB              ; 00:00:02                           ;
; Classic Timing Analyzer ; 00:00:00     ; 1.0                     ; 201 MB              ; 00:00:00                           ;
; Total                   ; 00:00:10     ; --                      ; --                  ; 00:00:09                           ;
+-------------------------+--------------+-------------------------+---------------------+------------------------------------+


+------------------------------------------------------------------------------------------+
; Flow OS Summary                                                                          ;
+-------------------------+------------------+---------------+------------+----------------+
; Module Name             ; Machine Hostname ; OS Name       ; OS Version ; Processor type ;
+-------------------------+------------------+---------------+------------+----------------+
; Analysis & Synthesis    ; V                ; Windows Vista ; 6.2        ; x86_64         ;
; Fitter                  ; V                ; Windows Vista ; 6.2        ; x86_64         ;
; Assembler               ; V                ; Windows Vista ; 6.2        ; x86_64         ;
; Classic Timing Analyzer ; V                ; Windows Vista ; 6.2        ; x86_64         ;
+-------------------------+------------------+---------------+------------+----------------+


------------
; Flow Log ;
------------
quartus_map --read_settings_files=on --write_settings_files=off LAB6 -c LAB6
quartus_fit --read_settings_files=off --write_settings_files=off LAB6 -c LAB6
quartus_asm --read_settings_files=off --write_settings_files=off LAB6 -c LAB6
quartus_tan --read_settings_files=off --write_settings_files=off LAB6 -c LAB6 --timing_analysis_only



